TN:
SF:src\context\ToastContext.tsx
FN:19,(anonymous_0)
FN:23,(anonymous_1)
FN:24,(anonymous_2)
FN:24,(anonymous_3)
FN:27,(anonymous_4)
FN:29,(anonymous_5)
FN:30,(anonymous_6)
FN:40,(anonymous_7)
FNF:8
FNH:8
FNDA:17,(anonymous_0)
FNDA:3,(anonymous_1)
FNDA:3,(anonymous_2)
FNDA:4,(anonymous_3)
FNDA:11,(anonymous_4)
FNDA:11,(anonymous_5)
FNDA:1,(anonymous_6)
FNDA:19,(anonymous_7)
DA:17,1
DA:19,1
DA:20,17
DA:21,17
DA:23,17
DA:24,4
DA:27,17
DA:28,11
DA:29,11
DA:30,11
DA:33,17
DA:40,1
DA:41,19
DA:42,19
DA:43,17
LF:15
LH:15
BRDA:27,0,0,11
BRDA:42,1,0,2
BRDA:42,1,1,17
BRF:3
BRH:3
end_of_record
TN:
SF:src\context\WalletContext.tsx
FN:21,WalletProvider
FN:30,(anonymous_1)
FN:33,(anonymous_2)
FN:39,(anonymous_3)
FN:54,(anonymous_4)
FN:60,(anonymous_5)
FN:61,(anonymous_6)
FN:96,useWalletContext
FNF:8
FNH:7
FNDA:14,WalletProvider
FNDA:3,(anonymous_1)
FNDA:0,(anonymous_2)
FNDA:4,(anonymous_3)
FNDA:1,(anonymous_4)
FNDA:5,(anonymous_5)
FNDA:5,(anonymous_6)
FNDA:19,useWalletContext
DA:19,1
DA:22,14
DA:27,14
DA:28,14
DA:30,14
DA:31,3
DA:32,3
DA:33,0
DA:35,3
DA:39,14
DA:40,4
DA:41,4
DA:42,4
DA:43,4
DA:44,3
DA:45,3
DA:47,1
DA:48,1
DA:50,4
DA:54,14
DA:55,1
DA:56,1
DA:57,1
DA:60,14
DA:61,5
DA:62,5
DA:63,0
DA:66,5
DA:67,5
DA:68,0
DA:69,0
DA:70,0
DA:73,5
DA:77,5
DA:80,14
DA:97,19
DA:98,19
DA:99,2
DA:101,17
LF:39
LH:34
BRDA:47,0,0,1
BRDA:47,0,1,0
BRDA:62,1,0,0
BRDA:62,1,1,5
BRDA:68,2,0,0
BRDA:68,2,1,0
BRDA:98,3,0,2
BRDA:98,3,1,17
BRF:8
BRH:4
end_of_record
TN:
SF:src\hooks\useDebounce.ts
FN:3,useDebounce
FN:6,(anonymous_1)
FN:7,(anonymous_2)
FN:8,(anonymous_3)
FNF:4
FNH:4
FNDA:12,useDebounce
FNDA:10,(anonymous_1)
FNDA:2,(anonymous_2)
FNDA:10,(anonymous_3)
DA:4,12
DA:6,12
DA:7,10
DA:8,10
DA:11,12
LF:5
LH:5
BRF:0
BRH:0
end_of_record
TN:
SF:src\utils\formatting.ts
FN:3,(anonymous_0)
FN:7,(anonymous_1)
FN:12,(anonymous_2)
FN:16,(anonymous_3)
FN:26,(anonymous_4)
FN:29,(anonymous_5)
FNF:6
FNH:6
FNDA:3,(anonymous_0)
FNDA:3,(anonymous_1)
FNDA:2,(anonymous_2)
FNDA:2,(anonymous_3)
FNDA:3,(anonymous_4)
FNDA:7,(anonymous_5)
DA:3,1
DA:4,3
DA:7,1
DA:8,3
DA:9,2
DA:12,1
DA:13,2
DA:16,1
DA:17,2
DA:21,1
DA:26,1
DA:27,3
DA:29,1
DA:30,7
DA:31,7
DA:32,6
DA:33,4
DA:34,4
DA:35,2
DA:36,2
DA:37,1
DA:38,1
LF:22
LH:22
BRDA:7,0,0,3
BRDA:7,1,0,3
BRDA:8,2,0,1
BRDA:8,2,1,2
BRDA:31,3,0,1
BRDA:31,3,1,6
BRDA:32,4,0,2
BRDA:32,4,1,4
BRDA:32,5,0,1
BRDA:32,5,1,1
BRDA:34,6,0,2
BRDA:34,6,1,2
BRDA:34,7,0,2
BRDA:34,7,1,0
BRDA:36,8,0,1
BRDA:36,8,1,1
BRDA:36,9,0,0
BRDA:36,9,1,1
BRDA:38,10,0,1
BRDA:38,10,1,0
BRF:20
BRH:17
end_of_record
TN:
SF:src\utils\retry.ts
FN:15,(anonymous_0)
FN:93,withRetry
FN:129,(anonymous_2)
FNF:3
FNH:3
FNDA:41,(anonymous_0)
FNDA:9,withRetry
FNDA:9,(anonymous_2)
DA:9,1
DA:10,1
DA:15,1
DA:16,41
DA:18,39
DA:19,39
DA:20,41
DA:23,41
DA:34,41
DA:46,41
DA:57,41
DA:58,244
DA:59,9
DA:64,30
DA:65,231
DA:66,19
DA:71,11
DA:72,10
DA:74,10
DA:75,5
DA:78,5
DA:79,5
DA:84,1
DA:101,9
DA:105,9
DA:106,18
DA:107,18
DA:109,14
DA:112,14
DA:113,3
DA:117,11
DA:118,2
DA:122,9
DA:124,9
DA:129,9
DA:134,11
LF:36
LH:36
BRDA:16,0,0,2
BRDA:16,0,1,39
BRDA:19,1,0,39
BRDA:19,1,1,13
BRDA:20,2,0,41
BRDA:20,2,1,37
BRDA:58,3,0,9
BRDA:58,3,1,235
BRDA:58,4,0,244
BRDA:58,4,1,235
BRDA:65,5,0,19
BRDA:65,5,1,212
BRDA:65,6,0,231
BRDA:65,6,1,214
BRDA:71,7,0,10
BRDA:71,7,1,1
BRDA:74,8,0,5
BRDA:74,8,1,5
BRDA:74,9,0,10
BRDA:74,9,1,9
BRDA:74,9,2,4
BRDA:78,10,0,5
BRDA:78,10,1,0
BRDA:78,11,0,5
BRDA:78,11,1,5
BRDA:95,12,0,9
BRDA:98,13,0,9
BRDA:99,14,0,9
BRDA:100,15,0,9
BRDA:112,16,0,3
BRDA:112,16,1,11
BRDA:117,17,0,2
BRDA:117,17,1,9
BRF:33
BRH:32
end_of_record
TN:
SF:src\utils\validation.ts
FN:3,(anonymous_0)
FN:8,(anonymous_1)
FN:39,(anonymous_2)
FN:45,(anonymous_3)
FN:60,(anonymous_4)
FN:64,(anonymous_5)
FN:68,(anonymous_6)
FNF:7
FNH:7
FNDA:4,(anonymous_0)
FNDA:5,(anonymous_1)
FNDA:7,(anonymous_2)
FNDA:5,(anonymous_3)
FNDA:5,(anonymous_4)
FNDA:5,(anonymous_5)
FNDA:4,(anonymous_6)
DA:3,1
DA:5,4
DA:8,1
DA:14,5
DA:16,5
DA:17,0
DA:20,5
DA:21,0
DA:24,5
DA:25,3
DA:28,5
DA:29,0
DA:32,5
DA:36,1
DA:37,1
DA:39,1
DA:40,7
DA:41,4
DA:42,4
DA:45,1
DA:46,5
DA:47,5
DA:49,5
DA:50,1
DA:53,4
DA:54,1
DA:57,3
DA:60,1
DA:61,5
DA:64,1
DA:65,5
DA:68,1
DA:69,4
LF:33
LH:30
BRDA:5,0,0,4
BRDA:5,0,1,2
BRDA:16,1,0,0
BRDA:16,1,1,5
BRDA:16,2,0,5
BRDA:16,2,1,5
BRDA:16,2,2,5
BRDA:20,3,0,0
BRDA:20,3,1,5
BRDA:20,4,0,5
BRDA:20,4,1,5
BRDA:20,4,2,5
BRDA:24,5,0,3
BRDA:24,5,1,2
BRDA:24,6,0,5
BRDA:24,6,1,4
BRDA:24,6,2,4
BRDA:24,6,3,3
BRDA:28,7,0,0
BRDA:28,7,1,5
BRDA:28,8,0,5
BRDA:28,8,1,5
BRDA:40,9,0,3
BRDA:40,9,1,4
BRDA:42,10,0,4
BRDA:42,10,1,3
BRDA:49,11,0,1
BRDA:49,11,1,4
BRDA:53,12,0,1
BRDA:53,12,1,3
BRDA:61,13,0,5
BRDA:61,13,1,4
BRDA:65,14,0,5
BRDA:65,14,1,4
BRDA:69,15,0,4
BRDA:69,15,1,3
BRF:36
BRH:33
end_of_record
